<?xml version="1.0" encoding="UTF-8"?>
<!-- Generated by org.testng.reporters.JUnitXMLReporter -->
<testsuite hostname="CPS-LAP" name="System test" tests="3" failures="0" timestamp="28 Jul 2016 16:00:05 GMT" time="0.118" errors="0">
  <testcase name="test1" time="0.001" classname="TestNG.TestNGAnotation_1"/>
  <testcase name="test2" time="0.001" classname="TestNG.TestNGAnotation_1"/>
  <testcase name="test3" time="0.0" classname="TestNG.TestNGAnotation_2"/>
</testsuite> <!-- System test -->
